{"contracts\\pasport_sc.sol":{"l":{"35":3,"44":2,"45":2,"46":2,"47":2,"48":2,"54":1,"55":1,"56":1,"57":1,"62":2,"76":3,"81":3,"89":2,"90":2,"91":2,"92":2,"94":2,"95":2,"100":10,"105":3,"106":3,"107":3,"108":3,"109":3,"110":1,"112":3,"117":2,"118":2,"119":2,"120":2,"121":2,"126":1,"131":2,"136":5,"137":2,"145":3,"146":3,"147":3,"152":24,"153":21,"157":4,"158":3,"172":2,"173":2,"179":1,"180":1,"186":1,"187":1,"191":1,"196":2,"197":1,"201":2,"202":1,"242":2,"243":2,"244":2,"245":2,"251":1,"262":1,"263":1,"264":1,"265":1,"270":1,"271":1,"272":1,"273":1,"274":1,"279":1,"283":2,"296":1,"300":1,"305":1,"309":1,"315":3,"320":6,"326":2,"327":2,"328":2,"333":1,"338":3,"339":2,"345":2,"350":14,"351":13,"355":6,"356":5,"360":2,"361":1,"362":1,"366":2,"367":1},"path":"C:\\Users\\Usuario\\Documents\\UIB\\TFG\\Covid-Pasport-master\\contracts\\pasport_sc.sol","s":{"1":3,"2":2,"3":2,"4":2,"5":2,"6":2,"7":1,"8":1,"9":1,"10":1,"11":2,"12":3,"13":3,"14":2,"15":2,"16":2,"17":2,"18":2,"19":2,"20":10,"21":3,"22":3,"23":3,"24":3,"25":3,"26":1,"27":3,"28":2,"29":2,"30":2,"31":2,"32":2,"33":1,"34":2,"35":5,"36":2,"37":3,"38":3,"39":3,"40":24,"41":4,"42":2,"43":2,"44":1,"45":1,"46":1,"47":1,"48":1,"49":2,"50":2,"51":2,"52":2,"53":2,"54":2,"55":1,"56":1,"57":1,"58":1,"59":1,"60":1,"61":1,"62":1,"63":1,"64":1,"65":1,"66":2,"67":1,"68":1,"69":1,"70":1,"71":3,"72":6,"73":2,"74":2,"75":2,"76":1,"77":3,"78":2,"79":2,"80":14,"81":6,"82":2,"83":1,"84":2},"b":{"1":[1,2],"2":[2,3],"3":[21,3],"4":[3,1],"5":[1,1],"6":[1,1],"7":[2,1],"8":[13,1],"9":[5,1],"10":[1,0],"11":[1,1]},"f":{"1":3,"2":2,"3":1,"4":2,"5":3,"6":3,"7":2,"8":10,"9":3,"10":2,"11":1,"12":2,"13":5,"14":3,"15":24,"16":4,"17":2,"18":1,"19":1,"20":1,"21":2,"22":2,"23":2,"24":1,"25":1,"26":1,"27":1,"28":2,"29":1,"30":1,"31":1,"32":1,"33":3,"34":6,"35":2,"36":1,"37":3,"38":2,"39":14,"40":6,"41":2,"42":2},"fnMap":{"1":{"name":"constructor","line":34,"loc":{"start":{"line":34,"column":4},"end":{"line":36,"column":4}}},"2":{"name":"registerLab","line":43,"loc":{"start":{"line":43,"column":4},"end":{"line":49,"column":4}}},"3":{"name":"deleteLab","line":53,"loc":{"start":{"line":53,"column":4},"end":{"line":58,"column":4}}},"4":{"name":"getLabsCount","line":61,"loc":{"start":{"line":61,"column":4},"end":{"line":63,"column":4}}},"5":{"name":"getLabInfo","line":75,"loc":{"start":{"line":75,"column":4},"end":{"line":77,"column":4}}},"6":{"name":"getLabSC","line":80,"loc":{"start":{"line":80,"column":4},"end":{"line":82,"column":4}}},"7":{"name":"registerUser","line":88,"loc":{"start":{"line":88,"column":4},"end":{"line":96,"column":4}}},"8":{"name":"getUserSC","line":99,"loc":{"start":{"line":99,"column":4},"end":{"line":101,"column":4}}},"9":{"name":"getAliceDocs","line":104,"loc":{"start":{"line":104,"column":4},"end":{"line":113,"column":4}}},"10":{"name":"resolveAliceDocs","line":116,"loc":{"start":{"line":116,"column":4},"end":{"line":122,"column":4}}},"11":{"name":"denySol","line":125,"loc":{"start":{"line":125,"column":4},"end":{"line":127,"column":4}}},"12":{"name":"getNumRequests","line":130,"loc":{"start":{"line":130,"column":4},"end":{"line":132,"column":4}}},"13":{"name":"obtainRequests","line":135,"loc":{"start":{"line":135,"column":4},"end":{"line":139,"column":4}}},"14":{"name":"Entity","line":144,"loc":{"start":{"line":144,"column":4},"end":{"line":148,"column":4}}},"15":{"name":"onlyOwner","line":151,"loc":{"start":{"line":151,"column":4},"end":{"line":154,"column":4}}},"16":{"name":"onlyUser","line":156,"loc":{"start":{"line":156,"column":4},"end":{"line":159,"column":4}}},"17":{"name":"constructor","line":171,"loc":{"start":{"line":171,"column":4},"end":{"line":174,"column":4}}},"18":{"name":"uploadCert","line":178,"loc":{"start":{"line":178,"column":4},"end":{"line":181,"column":4}}},"19":{"name":"destruct","line":185,"loc":{"start":{"line":185,"column":4},"end":{"line":188,"column":4}}},"20":{"name":"getOwner","line":190,"loc":{"start":{"line":190,"column":4},"end":{"line":192,"column":4}}},"21":{"name":"onlyOwner","line":195,"loc":{"start":{"line":195,"column":4},"end":{"line":198,"column":4}}},"22":{"name":"onlyWHO","line":200,"loc":{"start":{"line":200,"column":4},"end":{"line":203,"column":4}}},"23":{"name":"constructor","line":241,"loc":{"start":{"line":241,"column":4},"end":{"line":246,"column":4}}},"24":{"name":"getPubKey","line":250,"loc":{"start":{"line":250,"column":4},"end":{"line":252,"column":4}}},"25":{"name":"newDoc","line":261,"loc":{"start":{"line":261,"column":4},"end":{"line":266,"column":4}}},"26":{"name":"newExtDoc","line":269,"loc":{"start":{"line":269,"column":4},"end":{"line":275,"column":4}}},"27":{"name":"getIndexDoc","line":278,"loc":{"start":{"line":278,"column":4},"end":{"line":280,"column":4}}},"28":{"name":"getDocsInfo","line":282,"loc":{"start":{"line":282,"column":4},"end":{"line":284,"column":4}}},"29":{"name":"getExtDocs","line":295,"loc":{"start":{"line":295,"column":4},"end":{"line":297,"column":4}}},"30":{"name":"getExtInfo","line":299,"loc":{"start":{"line":299,"column":4},"end":{"line":301,"column":4}}},"31":{"name":"lengthDocArray","line":304,"loc":{"start":{"line":304,"column":4},"end":{"line":306,"column":4}}},"32":{"name":"lengthExtDocArray","line":308,"loc":{"start":{"line":308,"column":4},"end":{"line":310,"column":4}}},"33":{"name":"activeEntity","line":314,"loc":{"start":{"line":314,"column":4},"end":{"line":316,"column":4}}},"34":{"name":"getEntity","line":319,"loc":{"start":{"line":319,"column":4},"end":{"line":321,"column":4}}},"35":{"name":"newSol","line":325,"loc":{"start":{"line":325,"column":4},"end":{"line":329,"column":4}}},"36":{"name":"resolveSol","line":332,"loc":{"start":{"line":332,"column":4},"end":{"line":334,"column":4}}},"37":{"name":"obtainRequests","line":337,"loc":{"start":{"line":337,"column":4},"end":{"line":341,"column":4}}},"38":{"name":"getNumRequests","line":344,"loc":{"start":{"line":344,"column":4},"end":{"line":346,"column":4}}},"39":{"name":"onlyOwner","line":349,"loc":{"start":{"line":349,"column":4},"end":{"line":352,"column":4}}},"40":{"name":"onlyWHO","line":354,"loc":{"start":{"line":354,"column":4},"end":{"line":357,"column":4}}},"41":{"name":"onlyLab","line":359,"loc":{"start":{"line":359,"column":4},"end":{"line":363,"column":4}}},"42":{"name":"onlyUser","line":365,"loc":{"start":{"line":365,"column":4},"end":{"line":368,"column":4}}}},"statementMap":{"1":{"start":{"line":35,"column":8},"end":{"line":35,"column":47}},"2":{"start":{"line":44,"column":8},"end":{"line":44,"column":56}},"3":{"start":{"line":45,"column":8},"end":{"line":45,"column":29}},"4":{"start":{"line":46,"column":8},"end":{"line":46,"column":27}},"5":{"start":{"line":47,"column":8},"end":{"line":47,"column":30}},"6":{"start":{"line":48,"column":8},"end":{"line":48,"column":32}},"7":{"start":{"line":54,"column":8},"end":{"line":54,"column":31}},"8":{"start":{"line":55,"column":8},"end":{"line":55,"column":30}},"9":{"start":{"line":56,"column":8},"end":{"line":56,"column":47}},"10":{"start":{"line":57,"column":8},"end":{"line":57,"column":38}},"11":{"start":{"line":62,"column":8},"end":{"line":62,"column":33}},"12":{"start":{"line":76,"column":8},"end":{"line":76,"column":55}},"13":{"start":{"line":81,"column":8},"end":{"line":81,"column":34}},"14":{"start":{"line":89,"column":8},"end":{"line":89,"column":34}},"15":{"start":{"line":90,"column":8},"end":{"line":90,"column":70}},"16":{"start":{"line":91,"column":8},"end":{"line":91,"column":35}},"17":{"start":{"line":92,"column":8},"end":{"line":92,"column":33}},"18":{"start":{"line":94,"column":8},"end":{"line":94,"column":32}},"19":{"start":{"line":95,"column":8},"end":{"line":95,"column":23}},"20":{"start":{"line":100,"column":8},"end":{"line":100,"column":31}},"21":{"start":{"line":105,"column":8},"end":{"line":105,"column":60}},"22":{"start":{"line":106,"column":8},"end":{"line":106,"column":53}},"23":{"start":{"line":107,"column":8},"end":{"line":107,"column":45}},"24":{"start":{"line":108,"column":8},"end":{"line":108,"column":50}},"25":{"start":{"line":109,"column":8},"end":{"line":109,"column":3541}},"26":{"start":{"line":110,"column":12},"end":{"line":110,"column":52}},"27":{"start":{"line":112,"column":8},"end":{"line":112,"column":36}},"28":{"start":{"line":117,"column":8},"end":{"line":117,"column":62}},"29":{"start":{"line":118,"column":8},"end":{"line":118,"column":42}},"30":{"start":{"line":119,"column":8},"end":{"line":119,"column":54}},"31":{"start":{"line":120,"column":8},"end":{"line":120,"column":44}},"32":{"start":{"line":121,"column":8},"end":{"line":121,"column":36}},"33":{"start":{"line":126,"column":8},"end":{"line":126,"column":44}},"34":{"start":{"line":131,"column":8},"end":{"line":131,"column":26}},"35":{"start":{"line":136,"column":8},"end":{"line":136,"column":4548}},"36":{"start":{"line":137,"column":12},"end":{"line":137,"column":86}},"37":{"start":{"line":145,"column":8},"end":{"line":145,"column":45}},"38":{"start":{"line":146,"column":8},"end":{"line":146,"column":42}},"39":{"start":{"line":147,"column":8},"end":{"line":147,"column":39}},"40":{"start":{"line":152,"column":8},"end":{"line":152,"column":131}},"41":{"start":{"line":157,"column":8},"end":{"line":157,"column":155}},"42":{"start":{"line":172,"column":8},"end":{"line":172,"column":19}},"43":{"start":{"line":173,"column":8},"end":{"line":173,"column":31}},"44":{"start":{"line":179,"column":8},"end":{"line":179,"column":53}},"45":{"start":{"line":180,"column":8},"end":{"line":180,"column":39}},"46":{"start":{"line":186,"column":8},"end":{"line":186,"column":30}},"47":{"start":{"line":187,"column":8},"end":{"line":187,"column":26}},"48":{"start":{"line":191,"column":8},"end":{"line":191,"column":20}},"49":{"start":{"line":196,"column":8},"end":{"line":196,"column":107}},"50":{"start":{"line":201,"column":8},"end":{"line":201,"column":112}},"51":{"start":{"line":242,"column":8},"end":{"line":242,"column":21}},"52":{"start":{"line":243,"column":8},"end":{"line":243,"column":31}},"53":{"start":{"line":244,"column":8},"end":{"line":244,"column":23}},"54":{"start":{"line":245,"column":8},"end":{"line":245,"column":21}},"55":{"start":{"line":251,"column":8},"end":{"line":251,"column":23}},"56":{"start":{"line":262,"column":8},"end":{"line":262,"column":34}},"57":{"start":{"line":263,"column":8},"end":{"line":263,"column":31}},"58":{"start":{"line":264,"column":8},"end":{"line":264,"column":29}},"59":{"start":{"line":265,"column":8},"end":{"line":265,"column":23}},"60":{"start":{"line":270,"column":8},"end":{"line":270,"column":26}},"61":{"start":{"line":271,"column":8},"end":{"line":271,"column":50}},"62":{"start":{"line":272,"column":8},"end":{"line":272,"column":45}},"63":{"start":{"line":273,"column":8},"end":{"line":273,"column":43}},"64":{"start":{"line":274,"column":8},"end":{"line":274,"column":61}},"65":{"start":{"line":279,"column":8},"end":{"line":279,"column":31}},"66":{"start":{"line":283,"column":8},"end":{"line":283,"column":46}},"67":{"start":{"line":296,"column":8},"end":{"line":296,"column":30}},"68":{"start":{"line":300,"column":8},"end":{"line":300,"column":137}},"69":{"start":{"line":305,"column":8},"end":{"line":305,"column":26}},"70":{"start":{"line":309,"column":8},"end":{"line":309,"column":29}},"71":{"start":{"line":315,"column":8},"end":{"line":315,"column":23}},"72":{"start":{"line":320,"column":8},"end":{"line":320,"column":21}},"73":{"start":{"line":326,"column":8},"end":{"line":326,"column":56}},"74":{"start":{"line":327,"column":8},"end":{"line":327,"column":45}},"75":{"start":{"line":328,"column":8},"end":{"line":328,"column":36}},"76":{"start":{"line":333,"column":8},"end":{"line":333,"column":44}},"77":{"start":{"line":338,"column":8},"end":{"line":338,"column":11354}},"78":{"start":{"line":339,"column":12},"end":{"line":339,"column":57}},"79":{"start":{"line":345,"column":8},"end":{"line":345,"column":26}},"80":{"start":{"line":350,"column":8},"end":{"line":350,"column":107}},"81":{"start":{"line":355,"column":8},"end":{"line":355,"column":112}},"82":{"start":{"line":360,"column":8},"end":{"line":360,"column":54}},"83":{"start":{"line":361,"column":8},"end":{"line":361,"column":169}},"84":{"start":{"line":366,"column":9},"end":{"line":366,"column":172}}},"branchMap":{"1":{"line":109,"type":"if","locations":[{"start":{"line":109,"column":8},"end":{"line":109,"column":8}},{"start":{"line":109,"column":8},"end":{"line":109,"column":8}}]},"2":{"line":136,"type":"if","locations":[{"start":{"line":136,"column":8},"end":{"line":136,"column":8}},{"start":{"line":136,"column":8},"end":{"line":136,"column":8}}]},"3":{"line":152,"type":"if","locations":[{"start":{"line":152,"column":8},"end":{"line":152,"column":8}},{"start":{"line":152,"column":8},"end":{"line":152,"column":8}}]},"4":{"line":157,"type":"if","locations":[{"start":{"line":157,"column":8},"end":{"line":157,"column":8}},{"start":{"line":157,"column":8},"end":{"line":157,"column":8}}]},"5":{"line":196,"type":"if","locations":[{"start":{"line":196,"column":8},"end":{"line":196,"column":8}},{"start":{"line":196,"column":8},"end":{"line":196,"column":8}}]},"6":{"line":201,"type":"if","locations":[{"start":{"line":201,"column":8},"end":{"line":201,"column":8}},{"start":{"line":201,"column":8},"end":{"line":201,"column":8}}]},"7":{"line":338,"type":"if","locations":[{"start":{"line":338,"column":8},"end":{"line":338,"column":8}},{"start":{"line":338,"column":8},"end":{"line":338,"column":8}}]},"8":{"line":350,"type":"if","locations":[{"start":{"line":350,"column":8},"end":{"line":350,"column":8}},{"start":{"line":350,"column":8},"end":{"line":350,"column":8}}]},"9":{"line":355,"type":"if","locations":[{"start":{"line":355,"column":8},"end":{"line":355,"column":8}},{"start":{"line":355,"column":8},"end":{"line":355,"column":8}}]},"10":{"line":361,"type":"if","locations":[{"start":{"line":361,"column":8},"end":{"line":361,"column":8}},{"start":{"line":361,"column":8},"end":{"line":361,"column":8}}]},"11":{"line":366,"type":"if","locations":[{"start":{"line":366,"column":9},"end":{"line":366,"column":9}},{"start":{"line":366,"column":9},"end":{"line":366,"column":9}}]}}}}